<?xml version="1.0" encoding="UTF-8"?>
<!-- Generated by org.testng.reporters.JUnitReportReporter -->
<testsuite skipped="0" hostname="DESKTOP-B6QNGSJ" name="radoslavmainproject.SeleniumTest" tests="2" failures="0" timestamp="2020-05-06T15:32:38 EEST" time="0.041" errors="0">
  <testcase name="elementsUI" time="0.001" classname="radoslavmainproject.SeleniumTest"/>
  <system-out/>
  <testcase name="BrowserAutomation" time="0.040" classname="radoslavmainproject.SeleniumTest"/>
  <system-out/>
</testsuite> <!-- radoslavmainproject.SeleniumTest -->
