<?xml version="1.0" encoding="UTF-8"?>
<!-- Generated by org.testng.reporters.JUnitReportReporter -->
<testsuite skipped="0" hostname="DESKTOP-B6QNGSJ" name="radoslavmainproject.RestAPITest" tests="2" failures="0" timestamp="2020-05-06T15:32:49 EEST" time="0.012" errors="0">
  <testcase name="deleteTwitter" time="0.010" classname="radoslavmainproject.RestAPITest"/>
  <system-out/>
  <testcase name="postJira" time="0.002" classname="radoslavmainproject.RestAPITest"/>
  <system-out/>
</testsuite> <!-- radoslavmainproject.RestAPITest -->
