<?xml version="1.0" encoding="UTF-8"?>
<!-- Generated by org.testng.reporters.JUnitReportReporter -->
<testsuite skipped="0" hostname="DESKTOP-B6QNGSJ" name="radoslavmainproject.AppiumTest" tests="2" failures="0" timestamp="2020-05-06T16:18:15 EEST" time="0.001" errors="0">
  <testcase name="someApps" time="0.001" classname="radoslavmainproject.AppiumTest"/>
  <system-out/>
  <testcase name="NativeAppAndroid" time="0.000" classname="radoslavmainproject.AppiumTest"/>
  <system-out/>
</testsuite> <!-- radoslavmainproject.AppiumTest -->
